2025-12-20T08:32:17: C:\PROGRAM FILES\NODEJS\NPM.CMD:1
2025-12-20T08:32:17: :: Created by npm, please don't edit manually.
2025-12-20T08:32:17: ^
2025-12-20T08:32:17: 
2025-12-20T08:32:17: SyntaxError: Unexpected token ':'
2025-12-20T08:32:17:     at internalCompileFunction (node:internal/vm:128:18)
2025-12-20T08:32:17:     at wrapSafe (node:internal/modules/cjs/loader:1280:20)
2025-12-20T08:32:17:     at Module._compile (node:internal/modules/cjs/loader:1332:27)
2025-12-20T08:32:17:     at Module._extensions..js (node:internal/modules/cjs/loader:1427:10)
2025-12-20T08:32:17:     at Module.load (node:internal/modules/cjs/loader:1206:32)
2025-12-20T08:32:17:     at Module._load (node:internal/modules/cjs/loader:1022:12)
2025-12-20T08:32:17:     at Function.executeUserEntryPoint [as runMain] (node:internal/modules/run_main:135:12)
2025-12-20T08:32:17:     at node:internal/main/run_main_module:28:49
2025-12-20T08:32:17: 
2025-12-20T08:32:17: Node.js v20.12.0
2025-12-20T08:32:17: C:\PROGRAM FILES\NODEJS\NPM.CMD:1
2025-12-20T08:32:17: :: Created by npm, please don't edit manually.
2025-12-20T08:32:17: ^
2025-12-20T08:32:17: 
2025-12-20T08:32:17: SyntaxError: Unexpected token ':'
2025-12-20T08:32:17:     at internalCompileFunction (node:internal/vm:128:18)
2025-12-20T08:32:17:     at wrapSafe (node:internal/modules/cjs/loader:1280:20)
2025-12-20T08:32:17:     at Module._compile (node:internal/modules/cjs/loader:1332:27)
2025-12-20T08:32:17:     at Module._extensions..js (node:internal/modules/cjs/loader:1427:10)
2025-12-20T08:32:17:     at Module.load (node:internal/modules/cjs/loader:1206:32)
2025-12-20T08:32:17:     at Module._load (node:internal/modules/cjs/loader:1022:12)
2025-12-20T08:32:17:     at Function.executeUserEntryPoint [as runMain] (node:internal/modules/run_main:135:12)
2025-12-20T08:32:17:     at node:internal/main/run_main_module:28:49
2025-12-20T08:32:17: 
2025-12-20T08:32:17: Node.js v20.12.0
2025-12-20T08:32:17: C:\PROGRAM FILES\NODEJS\NPM.CMD:1
2025-12-20T08:32:17: :: Created by npm, please don't edit manually.
2025-12-20T08:32:17: ^
2025-12-20T08:32:17: 
2025-12-20T08:32:17: SyntaxError: Unexpected token ':'
2025-12-20T08:32:17:     at internalCompileFunction (node:internal/vm:128:18)
2025-12-20T08:32:17:     at wrapSafe (node:internal/modules/cjs/loader:1280:20)
2025-12-20T08:32:17:     at Module._compile (node:internal/modules/cjs/loader:1332:27)
2025-12-20T08:32:17:     at Module._extensions..js (node:internal/modules/cjs/loader:1427:10)
2025-12-20T08:32:17:     at Module.load (node:internal/modules/cjs/loader:1206:32)
2025-12-20T08:32:17:     at Module._load (node:internal/modules/cjs/loader:1022:12)
2025-12-20T08:32:17:     at Function.executeUserEntryPoint [as runMain] (node:internal/modules/run_main:135:12)
2025-12-20T08:32:17:     at node:internal/main/run_main_module:28:49
2025-12-20T08:32:17: 
2025-12-20T08:32:17: Node.js v20.12.0
2025-12-20T08:32:17: C:\PROGRAM FILES\NODEJS\NPM.CMD:1
2025-12-20T08:32:17: :: Created by npm, please don't edit manually.
2025-12-20T08:32:17: ^
2025-12-20T08:32:17: 
2025-12-20T08:32:17: SyntaxError: Unexpected token ':'
2025-12-20T08:32:17:     at internalCompileFunction (node:internal/vm:128:18)
2025-12-20T08:32:17:     at wrapSafe (node:internal/modules/cjs/loader:1280:20)
2025-12-20T08:32:17:     at Module._compile (node:internal/modules/cjs/loader:1332:27)
2025-12-20T08:32:17:     at Module._extensions..js (node:internal/modules/cjs/loader:1427:10)
2025-12-20T08:32:17:     at Module.load (node:internal/modules/cjs/loader:1206:32)
2025-12-20T08:32:17:     at Module._load (node:internal/modules/cjs/loader:1022:12)
2025-12-20T08:32:17:     at Function.executeUserEntryPoint [as runMain] (node:internal/modules/run_main:135:12)
2025-12-20T08:32:17:     at node:internal/main/run_main_module:28:49
2025-12-20T08:32:17: 
2025-12-20T08:32:17: Node.js v20.12.0
2025-12-20T08:32:17: C:\PROGRAM FILES\NODEJS\NPM.CMD:1
2025-12-20T08:32:17: :: Created by npm, please don't edit manually.
2025-12-20T08:32:17: ^
2025-12-20T08:32:17: 
2025-12-20T08:32:17: SyntaxError: Unexpected token ':'
2025-12-20T08:32:17:     at internalCompileFunction (node:internal/vm:128:18)
2025-12-20T08:32:17:     at wrapSafe (node:internal/modules/cjs/loader:1280:20)
2025-12-20T08:32:17:     at Module._compile (node:internal/modules/cjs/loader:1332:27)
2025-12-20T08:32:17:     at Module._extensions..js (node:internal/modules/cjs/loader:1427:10)
2025-12-20T08:32:17:     at Module.load (node:internal/modules/cjs/loader:1206:32)
2025-12-20T08:32:17:     at Module._load (node:internal/modules/cjs/loader:1022:12)
2025-12-20T08:32:17:     at Function.executeUserEntryPoint [as runMain] (node:internal/modules/run_main:135:12)
2025-12-20T08:32:17:     at node:internal/main/run_main_module:28:49
2025-12-20T08:32:17: 
2025-12-20T08:32:17: Node.js v20.12.0
2025-12-20T08:32:17: C:\PROGRAM FILES\NODEJS\NPM.CMD:1
2025-12-20T08:32:17: :: Created by npm, please don't edit manually.
2025-12-20T08:32:17: ^
2025-12-20T08:32:17: 
2025-12-20T08:32:17: SyntaxError: Unexpected token ':'
2025-12-20T08:32:17:     at internalCompileFunction (node:internal/vm:128:18)
2025-12-20T08:32:17:     at wrapSafe (node:internal/modules/cjs/loader:1280:20)
2025-12-20T08:32:17:     at Module._compile (node:internal/modules/cjs/loader:1332:27)
2025-12-20T08:32:17:     at Module._extensions..js (node:internal/modules/cjs/loader:1427:10)
2025-12-20T08:32:17:     at Module.load (node:internal/modules/cjs/loader:1206:32)
2025-12-20T08:32:17:     at Module._load (node:internal/modules/cjs/loader:1022:12)
2025-12-20T08:32:17:     at Function.executeUserEntryPoint [as runMain] (node:internal/modules/run_main:135:12)
2025-12-20T08:32:17:     at node:internal/main/run_main_module:28:49
2025-12-20T08:32:17: 
2025-12-20T08:32:17: Node.js v20.12.0
2025-12-20T08:32:17: C:\PROGRAM FILES\NODEJS\NPM.CMD:1
2025-12-20T08:32:17: :: Created by npm, please don't edit manually.
2025-12-20T08:32:17: ^
2025-12-20T08:32:17: 
2025-12-20T08:32:17: SyntaxError: Unexpected token ':'
2025-12-20T08:32:17:     at internalCompileFunction (node:internal/vm:128:18)
2025-12-20T08:32:17:     at wrapSafe (node:internal/modules/cjs/loader:1280:20)
2025-12-20T08:32:17:     at Module._compile (node:internal/modules/cjs/loader:1332:27)
2025-12-20T08:32:17:     at Module._extensions..js (node:internal/modules/cjs/loader:1427:10)
2025-12-20T08:32:17:     at Module.load (node:internal/modules/cjs/loader:1206:32)
2025-12-20T08:32:17:     at Module._load (node:internal/modules/cjs/loader:1022:12)
2025-12-20T08:32:17:     at Function.executeUserEntryPoint [as runMain] (node:internal/modules/run_main:135:12)
2025-12-20T08:32:17:     at node:internal/main/run_main_module:28:49
2025-12-20T08:32:17: 
2025-12-20T08:32:17: Node.js v20.12.0
2025-12-20T08:32:17: C:\PROGRAM FILES\NODEJS\NPM.CMD:1
2025-12-20T08:32:17: :: Created by npm, please don't edit manually.
2025-12-20T08:32:17: ^
2025-12-20T08:32:17: 
2025-12-20T08:32:17: SyntaxError: Unexpected token ':'
2025-12-20T08:32:17:     at internalCompileFunction (node:internal/vm:128:18)
2025-12-20T08:32:17:     at wrapSafe (node:internal/modules/cjs/loader:1280:20)
2025-12-20T08:32:17:     at Module._compile (node:internal/modules/cjs/loader:1332:27)
2025-12-20T08:32:17:     at Module._extensions..js (node:internal/modules/cjs/loader:1427:10)
2025-12-20T08:32:17:     at Module.load (node:internal/modules/cjs/loader:1206:32)
2025-12-20T08:32:17:     at Module._load (node:internal/modules/cjs/loader:1022:12)
2025-12-20T08:32:17:     at Function.executeUserEntryPoint [as runMain] (node:internal/modules/run_main:135:12)
2025-12-20T08:32:17:     at node:internal/main/run_main_module:28:49
2025-12-20T08:32:17: 
2025-12-20T08:32:17: Node.js v20.12.0
2025-12-20T08:32:17: C:\PROGRAM FILES\NODEJS\NPM.CMD:1
2025-12-20T08:32:17: :: Created by npm, please don't edit manually.
2025-12-20T08:32:17: ^
2025-12-20T08:32:17: 
2025-12-20T08:32:17: SyntaxError: Unexpected token ':'
2025-12-20T08:32:17:     at internalCompileFunction (node:internal/vm:128:18)
2025-12-20T08:32:17:     at wrapSafe (node:internal/modules/cjs/loader:1280:20)
2025-12-20T08:32:17:     at Module._compile (node:internal/modules/cjs/loader:1332:27)
2025-12-20T08:32:17:     at Module._extensions..js (node:internal/modules/cjs/loader:1427:10)
2025-12-20T08:32:17:     at Module.load (node:internal/modules/cjs/loader:1206:32)
2025-12-20T08:32:17:     at Module._load (node:internal/modules/cjs/loader:1022:12)
2025-12-20T08:32:17:     at Function.executeUserEntryPoint [as runMain] (node:internal/modules/run_main:135:12)
2025-12-20T08:32:17:     at node:internal/main/run_main_module:28:49
2025-12-20T08:32:17: 
2025-12-20T08:32:17: Node.js v20.12.0
2025-12-20T08:32:17: C:\PROGRAM FILES\NODEJS\NPM.CMD:1
2025-12-20T08:32:17: :: Created by npm, please don't edit manually.
2025-12-20T08:32:17: ^
2025-12-20T08:32:17: 
2025-12-20T08:32:17: SyntaxError: Unexpected token ':'
2025-12-20T08:32:17:     at internalCompileFunction (node:internal/vm:128:18)
2025-12-20T08:32:17:     at wrapSafe (node:internal/modules/cjs/loader:1280:20)
2025-12-20T08:32:17:     at Module._compile (node:internal/modules/cjs/loader:1332:27)
2025-12-20T08:32:17:     at Module._extensions..js (node:internal/modules/cjs/loader:1427:10)
2025-12-20T08:32:17:     at Module.load (node:internal/modules/cjs/loader:1206:32)
2025-12-20T08:32:17:     at Module._load (node:internal/modules/cjs/loader:1022:12)
2025-12-20T08:32:17:     at Function.executeUserEntryPoint [as runMain] (node:internal/modules/run_main:135:12)
2025-12-20T08:32:17:     at node:internal/main/run_main_module:28:49
2025-12-20T08:32:17: 
2025-12-20T08:32:17: Node.js v20.12.0
